Determining if the pthread_create exist failed with the following output:
Change Dir: /home/intel/Dezhi/git_path/RealFace/LocalLBP/cmake-build-debug/CMakeFiles/CMakeTmp

Run Build Command:"/usr/bin/make" "cmTC_465e3/fast"
/usr/bin/make -f CMakeFiles/cmTC_465e3.dir/build.make CMakeFiles/cmTC_465e3.dir/build
make[1]: 正在进入目录 `/home/intel/Dezhi/git_path/RealFace/LocalLBP/cmake-build-debug/CMakeFiles/CMakeTmp'
Building C object CMakeFiles/cmTC_465e3.dir/CheckSymbolExists.c.o
/usr/bin/cc    -fPIC    -o CMakeFiles/cmTC_465e3.dir/CheckSymbolExists.c.o   -c /home/intel/Dezhi/git_path/RealFace/LocalLBP/cmake-build-debug/CMakeFiles/CMakeTmp/CheckSymbolExists.c
Linking C executable cmTC_465e3
/opt/clion-2017.1/bin/cmake/bin/cmake -E cmake_link_script CMakeFiles/cmTC_465e3.dir/link.txt --verbose=1
/usr/bin/cc  -fPIC     CMakeFiles/cmTC_465e3.dir/CheckSymbolExists.c.o  -o cmTC_465e3 -rdynamic 
CMakeFiles/cmTC_465e3.dir/CheckSymbolExists.c.o：在函数‘main’中：
CheckSymbolExists.c:(.text+0x1b)：对‘pthread_create’未定义的引用
collect2: error: ld returned 1 exit status
make[1]: *** [cmTC_465e3] 错误 1
make[1]:正在离开目录 `/home/intel/Dezhi/git_path/RealFace/LocalLBP/cmake-build-debug/CMakeFiles/CMakeTmp'
make: *** [cmTC_465e3/fast] 错误 2

File /home/intel/Dezhi/git_path/RealFace/LocalLBP/cmake-build-debug/CMakeFiles/CMakeTmp/CheckSymbolExists.c:
/* */
#include <pthread.h>

int main(int argc, char** argv)
{
  (void)argv;
#ifndef pthread_create
  return ((int*)(&pthread_create))[argc];
#else
  (void)argc;
  return 0;
#endif
}

Determining if the function pthread_create exists in the pthreads failed with the following output:
Change Dir: /home/intel/Dezhi/git_path/RealFace/LocalLBP/cmake-build-debug/CMakeFiles/CMakeTmp

Run Build Command:"/usr/bin/make" "cmTC_33ed8/fast"
/usr/bin/make -f CMakeFiles/cmTC_33ed8.dir/build.make CMakeFiles/cmTC_33ed8.dir/build
make[1]: 正在进入目录 `/home/intel/Dezhi/git_path/RealFace/LocalLBP/cmake-build-debug/CMakeFiles/CMakeTmp'
Building C object CMakeFiles/cmTC_33ed8.dir/CheckFunctionExists.c.o
/usr/bin/cc    -fPIC -DCHECK_FUNCTION_EXISTS=pthread_create   -o CMakeFiles/cmTC_33ed8.dir/CheckFunctionExists.c.o   -c /opt/clion-2017.1/bin/cmake/share/cmake-3.7/Modules/CheckFunctionExists.c
Linking C executable cmTC_33ed8
/opt/clion-2017.1/bin/cmake/bin/cmake -E cmake_link_script CMakeFiles/cmTC_33ed8.dir/link.txt --verbose=1
/usr/bin/cc  -fPIC -DCHECK_FUNCTION_EXISTS=pthread_create    CMakeFiles/cmTC_33ed8.dir/CheckFunctionExists.c.o  -o cmTC_33ed8 -rdynamic -lpthreads 
/usr/bin/ld: 找不到 -lpthreads
collect2: error: ld returned 1 exit status
make[1]: *** [cmTC_33ed8] 错误 1
make[1]:正在离开目录 `/home/intel/Dezhi/git_path/RealFace/LocalLBP/cmake-build-debug/CMakeFiles/CMakeTmp'
make: *** [cmTC_33ed8/fast] 错误 2


